37 DISCOVERY NODES
2147 x: 49.2727 y: 44.2586
843 x: 57.0347 y: 59.9503
2265 x: 60.6894 y: 47.7164
1738 x: 30.1502 y: 41.3967
978 x: 28.8068 y: 39.9597
1480 x: 26.5286 y: 38.3215
2345 x: 65.9393 y: 41.9133
2632 x: 45.0972 y: 53.4372
2628 x: 45.8874 y: 56.3171
2629 x: 57.1387 y: 59.8053
861 x: 70.9083 y: 52.8587
2637 x: 37.8245 y: 50.9969
2639 x: 44.1851 y: 42.9695
2641 x: 45.0536 y: 42.7224
396 x: 46 y: 39
2636 x: 45.0078 y: 35.4083
830 x: 20.8145 y: 42.0759
2664 x: 39.2318 y: 46.9982
2674 x: 46.4583 y: 48.4795
2666 x: 44.5356 y: 50.7341
579 x: 45 y: 51
2652 x: 39.7972 y: 39.4662
2673 x: 35.5587 y: 44.8821
2669 x: 50.742 y: 42.6189
2648 x: 50.5387 y: 39.8285
2644 x: 53.1465 y: 39.3809
2662 x: 54.2009 y: 40.8439
2661 x: 45.4507 y: 35.5974
2656 x: 40.4952 y: 55.5454
2559 x: 49.4606 y: 57.4249
2657 x: 36.1124 y: 41.2178
2659 x: 32.7215 y: 42.7844
2682 x: 50.2381 y: 44.3285
2668 x: 52.2159 y: 41.3118
2680 x: 44.5329 y: 49.5429
2676 x: 48.4832 y: 34.7018
2671 x: 39.3722 y: 56.7783
4 OBJECTIVES
2679 x: 51.1957 y: 41.2181
2670 x: 48.2688 y: 41.7467
1900 x: 42.2787 y: 45.4791
579 x: 45 y: 51
graph explored 56 / 2684 : %0.0273438
